<?xml version="1.0" encoding="UTF-8"?>
<testng-results skipped="0" failed="0" ignored="0" total="1" passed="1">
  <reporter-output>
  </reporter-output>
  <suite name="facebook.testng.annotations.TestNGFacebookTest" duration-ms="14990" started-at="2022-08-10T06:59:13Z" finished-at="2022-08-10T06:59:28Z">
    <groups>
    </groups>
    <test name="Command line test" duration-ms="14990" started-at="2022-08-10T06:59:13Z" finished-at="2022-08-10T06:59:28Z">
      <class name="facebook.testng.annotations.TestNGFacebookTest">
        <test-method status="PASS" signature="configuration()[pri:0, instance:facebook.testng.annotations.TestNGFacebookTest@215be6bb]" name="configuration" is-config="true" duration-ms="1586" started-at="2022-08-10T12:29:13Z" finished-at="2022-08-10T12:29:14Z">
          <reporter-output>
          </reporter-output>
        </test-method> <!-- configuration -->
        <test-method status="PASS" signature="facebookTest()[pri:0, instance:facebook.testng.annotations.TestNGFacebookTest@215be6bb]" name="facebookTest" duration-ms="5946" started-at="2022-08-10T12:29:14Z" finished-at="2022-08-10T12:29:20Z">
          <reporter-output>
          </reporter-output>
        </test-method> <!-- facebookTest -->
        <test-method status="PASS" signature="tearDown()[pri:0, instance:facebook.testng.annotations.TestNGFacebookTest@215be6bb]" name="tearDown" is-config="true" duration-ms="7450" started-at="2022-08-10T12:29:20Z" finished-at="2022-08-10T12:29:28Z">
          <reporter-output>
          </reporter-output>
        </test-method> <!-- tearDown -->
      </class> <!-- facebook.testng.annotations.TestNGFacebookTest -->
    </test> <!-- Command line test -->
  </suite> <!-- facebook.testng.annotations.TestNGFacebookTest -->
</testng-results>
