<?xml version="1.0" encoding="UTF-8"?>
<testng-results skipped="0" failed="0" ignored="0" total="1" passed="1">
  <reporter-output>
  </reporter-output>
  <suite name="Default suite" duration-ms="14634" started-at="2022-08-10T06:48:02Z" finished-at="2022-08-10T06:48:17Z">
    <groups>
    </groups>
    <test name="Default test" duration-ms="14634" started-at="2022-08-10T06:48:02Z" finished-at="2022-08-10T06:48:17Z">
      <class name="facebook.testng.annotations.TestNGFacebookTest">
        <test-method status="PASS" signature="configuration()[pri:0, instance:facebook.testng.annotations.TestNGFacebookTest@6a400542]" name="configuration" is-config="true" duration-ms="1243" started-at="2022-08-10T12:18:02Z" finished-at="2022-08-10T12:18:04Z">
          <reporter-output>
          </reporter-output>
        </test-method> <!-- configuration -->
        <test-method status="PASS" signature="facebookTest()[pri:0, instance:facebook.testng.annotations.TestNGFacebookTest@6a400542]" name="facebookTest" duration-ms="5916" started-at="2022-08-10T12:18:04Z" finished-at="2022-08-10T12:18:09Z">
          <reporter-output>
          </reporter-output>
        </test-method> <!-- facebookTest -->
        <test-method status="PASS" signature="tearDown()[pri:0, instance:facebook.testng.annotations.TestNGFacebookTest@6a400542]" name="tearDown" is-config="true" duration-ms="7465" started-at="2022-08-10T12:18:09Z" finished-at="2022-08-10T12:18:17Z">
          <reporter-output>
          </reporter-output>
        </test-method> <!-- tearDown -->
      </class> <!-- facebook.testng.annotations.TestNGFacebookTest -->
    </test> <!-- Default test -->
  </suite> <!-- Default suite -->
</testng-results>
